This is the commit history of the development repository used throughout the project. I wanted to ensure the change record was available and not removed.The public respository is a fresh repository, pulling in and cleaning up the data and code for publication and archival. - MS, 2022

commit 9f9abb675c65192cc7c9fbb65040538e0175c770
Merge: 1fdea4b 749d2f3
Author: Marty (SAS)
Date:   Wed Jan 12 12:58:49 2022 +0000

    Merge remote-tracking branch 'origin/master'

commit 1fdea4b48a8ad509e5d55f4dcb0e2e13b12b7a3e
Author: Marty (SAS)
Date:   Wed Jan 12 12:09:49 2022 +0000

    topic params

commit 749d2f3c69b81ce9cd73839add987e49dd6b6535
Author: Marty
Date:   Fri Dec 24 14:13:22 2021 +0000

    testing 10 epochs on whole corpus

commit 0fa0e0da5ba8ac3f8f98a14986f8469219194d96
Author: Marty
Date:   Fri Dec 24 13:32:54 2021 +0000

    adding initial spacy training pipeline configs

commit 1440856746222a5a4feba3f238093d3b223b6ffe
Author: Marty (SAS)
Date:   Thu Dec 9 16:52:05 2021 +0000

    increase height of colloc graphs a tad

commit 85e5c24ec5f051c66cfe4ba82e4520639ac7445a
Author: Marty (SAS)
Date:   Thu Dec 9 15:11:45 2021 +0000

    updated taxonomies

commit 3122540bf23d403ab68b1e65207ebf1af4e08be1
Author: Marty (SAS)
Date:   Wed Dec 8 11:31:00 2021 +0000

    use all words in collocate options (so colloc exploration is unconstrained)

commit 516dfc189ca5702dd08d1e0a73ea45dc539b9677
Merge: 597e887 b9d1a2e
Author: Marty (SAS)
Date:   Wed Dec 8 11:16:11 2021 +0000

    Merge branch 'classifiers'

commit b9d1a2e5084f162ff3f745f4d053fe519e3af1cd
Author: Marty (SAS)
Date:   Tue Dec 7 15:42:55 2021 +0000

    Change number of topics to 50

commit 5e513f6954a69ca99c5dbd3e344cd42b87332b00
Author: Marty (SAS)
Date:   Tue Dec 7 15:41:26 2021 +0000

    Added Makefile target for topic modelling to ORIGINS

commit 4f60d937a70c0fe05f9fc564d97257221474b921
Author: Marty (SAS)
Date:   Mon Dec 6 16:55:47 2021 +0000

    add taxonomies to dashbaord/data

commit cb96aa0a5d41646954a3d8280e1182c463a1e384
Author: Marty (SAS)
Date:   Mon Dec 6 16:54:53 2021 +0000

    add valid YAML taxonomies

commit a3fb8aae14115d961a00c394bd9048066098b113
Author: Marty (SAS)
Date:   Mon Dec 6 16:54:20 2021 +0000

    rename taxonomies

commit 3064c18aad9c4076fe92495e32ce50e9a8686744
Merge: 71d0991 2e4c70b
Author: Marty (SAS)
Date:   Mon Dec 6 11:08:58 2021 +0000

    Merge remote-tracking branch 'origin/dashboard' into classifiers

commit 2e4c70b6c16d8cae37ecaaab93bb50959e381bd3
Author: kunika
Date:   Mon Dec 6 09:04:27 2021 +0000

    update dashboard
    
    Use of taxonomies as optional constraints on the words/ngrams selector suggestions.

commit 71d0991cfc48ac271458a7b2b428edbec9b86dcc
Merge: b9fb5ec fd3dd0d
Author: Marty (SAS)
Date:   Fri Dec 3 16:47:59 2021 +0000

    Merge remote-tracking branch 'origin/dashboard' into classifiers

commit b9fb5ec254946a5782ff4f8a9c97da7d6f1d6911
Author: Marty (SAS)
Date:   Fri Dec 3 16:47:50 2021 +0000

    added phase data plot notebook

commit fd3dd0d98a3e9731d113fe80160dd17bd597eefa
Author: kunika
Date:   Thu Dec 2 09:56:55 2021 +0000

    update dashboard
    
    Minor tweaks: help appended instead of prepended to charts, as Altair charts now have chart title embedded in visualisation.

commit 916a54b3c157547be0f7aca71845c498797d371c
Author: kunika
Date:   Thu Dec 2 08:42:07 2021 +0000

    update dashboard
    
    Word frequencies chart: concatenate charts and include title, for saving as images and viewing in full screen.

commit 597e887bac6ddbc14479120ee127ea954d4a2062
Author: Marty (SAS)
Date:   Wed Dec 1 12:30:11 2021 +0000

    remove JA tweets, and tweak collocate label

commit a95af9f5801fa9732277f33217da50ace082e48b
Merge: 6bdcaf9 af8bc18
Author: Marty (SAS)
Date:   Wed Dec 1 12:16:44 2021 +0000

    Merge branch 'classifiers'

commit 6bdcaf944707a2102f4b5698f756b6fad92f0801
Merge: dcab403 59d6d02
Author: Marty (SAS)
Date:   Wed Dec 1 12:10:26 2021 +0000

    Merge remote-tracking branch 'origin/dashboard'

commit 59d6d02f468398130fa6bfffbf9a51be8e19d300
Author: kunika
Date:   Wed Dec 1 11:40:08 2021 +0000

    update dashboard
    
    Reviewed UI labels and nomenclatures: changed 'n-gram' to 'word', 'corpus' to 'tweets'.

commit af8bc18e05e533028211ff9a82bd0fc61b8eb15d
Author: Marty (SAS)
Date:   Tue Nov 30 12:42:11 2021 +0000

    make docbin-to-texts, make coast-samples

commit ac7034517dd2e39bc969947ade0e5d0256ca553e
Author: Marty (SAS)
Date:   Mon Nov 29 17:53:32 2021 +0000

    moved scripts, improved get-text, added makefile target to generate daily text files for dashboard corpora

commit c75d914efcbcf096af05fc18ee488120964be349
Author: Marty (SAS)
Date:   Mon Nov 29 11:41:01 2021 +0000

    update ngrams to remove stopwords

commit 2eb3b3b7c9b53b39b113e832e3167f4fafd60554
Author: Marty
Date:   Mon Nov 29 11:37:37 2021 +0000

    fix remove stopwords

commit db76f30c8e193774a4cbec73dbf7febbaa824e82
Author: Marty (SAS)
Date:   Thu Nov 25 13:51:11 2021 +0000

    add japanese ngrams

commit 5a583209dfd9930744da951c7294089152759dc1
Author: Marty (SAS)
Date:   Thu Nov 25 12:42:27 2021 +0000

    tweak to cleantweet function (and dashboard to bypass null rows from csv)

commit 6993d430cc174c5f7ccf308a366969915671c77b
Author: Marty (SAS)
Date:   Wed Nov 24 20:32:21 2021 +0000

    try ngrams again

commit e0894436304896e88a1d0a4317c1ffafcf1232d8
Merge: 3eb164b dcab403
Author: Marty (SAS)
Date:   Wed Nov 24 18:32:54 2021 +0000

    Merge branch 'master' into classifiers

commit dcab4039be17ad16fd5aba73a497e412919b78a9
Author: Marty (SAS)
Date:   Mon Nov 22 12:49:06 2021 +0000

    keep html_files dir but ignore contents

commit 264f9456590ef33dffe0cfb4df8d0303807e82c4
Merge: a914392 3610778
Author: Marty (SAS)
Date:   Mon Nov 22 12:37:21 2021 +0000

    Merge remote-tracking branch 'origin/dashboard'

commit 361077898e3d4e10151608a7474b703d4247d883
Author: kunika
Date:   Sun Nov 21 15:05:48 2021 +0000

    update dashboard
    
    Changed the ngrams selector to form (i.e. Streamlit to rerun on submission only); restored pyvis collocation network graph; tidy up code.

commit 3eb164beaac659739c7f672cd97ce8245a8dd40e
Author: Marty (SAS)
Date:   Fri Nov 19 22:28:53 2021 +0000

    fix clean text bug

commit c86cd2c56748089f36257b09a67e9918b35ddbfc
Author: Marty (SAS)
Date:   Wed Nov 17 09:54:23 2021 +0000

    rebuilt dashboard ngrams (make docbin-ngrams)
    
    Took 10.5 hours on my macbook pro (5pm - 3.30am), even while running multithreaded (all 5 at once)

commit 272ddeb2477919877bdb987e52f703327330b5ef
Author: Marty (SAS)
Date:   Tue Nov 16 16:40:09 2021 +0000

    fixed extract ngrams (wasn't plitting words properly resulting in no duplicates!)
    
    
    fixed extract ngrams (wasn't plitting words properly resulting in no duplicates!)
    
    
    fixed extract ngrams (wasn't plitting words properly resulting in no duplicates!)

commit b51ea375aa7b8845579ed30bf1a755397e65f96a
Author: kunika
Date:   Tue Nov 16 10:53:04 2021 +0000

    update dashboard
    
    Changed collocation words selector behaviour (i.e. additive to ngram words selector); changed collocation comparison corpus subset to offer all subsets (i.e. allows comparison of the same corpus subset e.g. Cures vs Cures); reverted collocation network graph to Matplotlib Pyplot.

commit 6e56054af428cce793551f83bda5864988cc2109
Author: Marty (SAS)
Date:   Tue Nov 16 10:52:48 2021 +0000

    remove corpus alpha/beta split when calculating ngrams PMI

commit 0b9832f37f9a40c19969ef6066dde83dc0c58c84
Merge: 6cb8afe 257a67e
Author: Marty (SAS)
Date:   Tue Nov 16 10:51:50 2021 +0000

    Merge branch 'japanese-ngrams' into classifiers

commit 257a67e155940bedce668097b276216bc420fff6
Author: Marty (SAS)
Date:   Mon Nov 15 21:44:32 2021 +0000

    https://www.youtube.com/watch?v=X8c2Ae0XNrg

commit 5a60ead70921ad49e759ffc2e1677eae087e092c
Author: Marty (SAS)
Date:   Mon Nov 15 21:43:46 2021 +0000

    added japanese bigrams/unigrams

commit 763726b5fbcea300cd144f3e21419cca08667a45
Author: Marty (SAS)
Date:   Mon Nov 15 18:53:28 2021 +0000

    mode scripts, ignore dashboard temp files

commit 323fad12348c9834529ae045afc9f6598d0bf30d
Author: Marty (SAS)
Date:   Mon Nov 15 18:52:27 2021 +0000

    convert japanese tweets to docbins

commit 6cb8afe9cd660d56c0f86769eb684c96169cd231
Author: Marty (SAS)
Date:   Mon Nov 15 12:55:17 2021 +0000

    TODO: add jo's notes to taxonomy YAML

commit f9ab3388f7eb81c67f2dd6e5f9e6c414b30e4e56
Author: kunika
Date:   Mon Nov 15 11:57:52 2021 +0000

    update dashboard
    
    Changed the sidebar options to form (i.e. Streamlit to rerun on submission only); added legend interactivity to n-gram line/point charts (removed mouseover highlighting); changed the word collocation network graph from image to html; added help; added css (hack to 'minimally' manipulate Streamlit's stylesheet); tidy up code.

commit e2bec7e1c657c4f9dcdbeafc1a8d0eb653fd0d7d
Author: Marty (SAS)
Date:   Fri Nov 12 18:48:08 2021 +0000

    add clean/no-clean data

commit 03903ae741d25063409d11eb37ae91dfdf0caea1
Author: Marty (SAS)
Date:   Fri Nov 12 17:22:32 2021 +0000

    add clean/no-clean option to script

commit ff57168c9baeb00004468e5e31d83b5ce96c763f
Author: Marty (SAS)
Date:   Fri Nov 12 16:45:48 2021 +0000

    added models make -j8 docbin-text (and resultant data)

commit a9143922d0724f1b4619e8cca19d13d061e16ee5
Author: Marty (SAS)
Date:   Thu Nov 11 17:03:59 2021 +0000

    fixed bug to filter PMI comparison dataframe by date range

commit 240bc2320e8b0ee942c0745b1e311bb80669ee76
Author: Marty (SAS)
Date:   Thu Nov 11 13:23:28 2021 +0000

    keep multiselect default keywords when changing between corpora

commit 55cf401ad6fed3f16876060a90de504cd79d1397
Merge: 516a93f 0d3c707
Author: Marty (SAS)
Date:   Thu Nov 11 11:05:26 2021 +0000

    Merge remote-tracking branch 'origin/dashboard'

commit 516a93f7b2c92b411df37875ba4a31fbf631814b
Merge: 4e70812 f1016ef
Author: Marty (SAS)
Date:   Thu Nov 11 11:03:37 2021 +0000

    Merge branch 'classifiers'

commit 0d3c7072771c7a2941740d55d41c480ffa12f185
Author: kunika
Date:   Thu Nov 11 09:47:26 2021 +0000

    update dashboard

commit f1016efac8e7cf379aaf449a13b459f6abbea1e3
Author: Marty (SAS)
Date:   Wed Nov 10 21:11:09 2021 +0000

    get clean text from docbins script

commit 114348a93b54173a5d93a725cae15a69b1626554
Author: Marty (SAS)
Date:   Tue Nov 9 13:56:29 2021 +0000

    cures classifier not working - too many false positives

commit 60c49421fdf3113740c906e2072444c6544fc7ef
Author: Marty (SAS)
Date:   Tue Nov 9 11:56:11 2021 +0000

    retrain conspiracy model (0.74 -> 0.96)

commit 857b7f955e8e608aef39bff49ae586b4fa41a71e
Author: kunika
Date:   Mon Nov 8 09:40:55 2021 +0000

    update dashboard

commit b8c824b093a2a0f773ad4ad27d2d467664a85151
Author: Marty (SAS)
Date:   Fri Nov 5 13:33:55 2021 +0000

    update noscruff with beta corpus

commit 4abd97fe815c3a0797bf252fc91e78526322cb2a
Author: Marty (SAS)
Date:   Thu Nov 4 11:42:08 2021 +0000

    update make ngrams-all to output to dashboard/data

commit 8f582cec52a4a4f787223f479f3e610851935b3b
Author: Marty (SAS)
Date:   Wed Nov 3 19:56:08 2021 +0000

    dvc add

commit 211c3b2280405ff831ae4a30d6d6286a2c997bcb
Author: Marty (SAS)
Date:   Wed Nov 3 19:00:01 2021 +0000

    typo

commit fc5e3936f5f11cd84dbb5ac9d527251ffc16a379
Author: Marty (SAS)
Date:   Wed Nov 3 18:53:57 2021 +0000

    make docbin-ngrams-all

commit 3b9fe9ebff567dd060d8836902616352b16a3221
Author: Marty (SAS)
Date:   Wed Nov 3 17:33:33 2021 +0000

    .

commit 1d53a053f721ce1a009c390677f0b1377e75b1dc
Author: Marty (SAS)
Date:   Tue Nov 2 14:53:29 2021 +0000

    plug data into dashboard to test

commit cfaa7ff5b273bfe610f597434faee5ec9bbc1112
Author: Marty
Date:   Mon Nov 1 19:30:38 2021 +0000

    test extract/process category ngrams

commit be94939349bc8e652dd4d579df7bdb1717ab31e0
Author: Marty
Date:   Sun Oct 31 17:56:24 2021 +0000

    classified corpus into docbins - took 6.37 hours on macbook air M1 (11:17am to 17:54pm)

commit 79c3919254da5d83db233fa0adea13c754c5639d
Author: Marty
Date:   Sun Oct 31 13:39:47 2021 +0000

    try makefile to build docbins and classify  corpus

commit 41ba1ca562b381f015f85cb41f583ee2085a1600
Author: Marty (SAS)
Date:   Sat Oct 30 17:43:47 2021 +0100

    check multiclass on future tweets

commit ae013fe688c879ea5618b1e7d2f0e2fb19699581
Author: Marty (SAS)
Date:   Sat Oct 30 17:30:12 2021 +0100

    added multiclass classifier

commit 344fab4db55456282e8456df2ae18135f18c6c4b
Author: Marty (SAS)
Date:   Sat Oct 30 16:38:21 2021 +0100

    .

commit bce623dd152bcde1c67ef0e8e3b3b0c99b370b9e
Author: Marty (SAS)
Date:   Sat Oct 30 15:26:07 2021 +0100

    tidy up scripts. Put non-essential into 'test'

commit cc9cd9bf85b36e9d322fda1e9f95ede684b5a847
Author: Marty (SAS)
Date:   Sat Oct 30 14:45:35 2021 +0100

    added and trainted vaccines classifier

commit 4e70812c94acd6b9d978931a5f5786703a4eaa38
Author: Marty (SAS)
Date:   Fri Oct 29 12:17:05 2021 +0100

    fix yaml formatting

commit 470d5f9c184d5f124868bc488f3ea6843b9b032c
Author: Marty (SAS)
Date:   Thu Oct 28 17:38:35 2021 +0100

    update dashboard

commit bfe470009144ed74efede464213736107bd0587f
Author: Marty
Date:   Wed Oct 27 18:38:47 2021 +0100

    add origins reviewed annotations

commit bcf25bc1d548425d59200efa9a5bab5825602436
Author: Marty
Date:   Wed Oct 27 18:28:44 2021 +0100

    make train-all

commit 6a3488bfad22a4c4b1aa95dc5b05f1e894dc5b26
Author: Marty
Date:   Tue Oct 26 16:54:29 2021 +0100

    update dashboard, dump data into charts

commit f7ca1189da5a3907952d852990eca67f1f257707
Author: Marty
Date:   Tue Oct 26 13:16:33 2021 +0100

    added resampling script and data for tweets and retweets
    
    'make resample-retweet-data'

commit 567c8b5fbb889a3d6a9529c4544482cec1dda771
Author: Marty
Date:   Mon Oct 25 17:29:28 2021 +0100

    halfway

commit a7d79f91e6aba8a5926b5095d611283fbeaaf29e
Author: Marty
Date:   Mon Oct 25 15:48:06 2021 +0100

    update source data

commit 6c6fce63bcbb3757104f3f357d17bf447591b48a
Author: Marty
Date:   Mon Oct 25 13:46:25 2021 +0100

    refactor dashboards for server

commit adbd84ede3f5e4f941c74a484e77a5369fc13aee
Author: Marty
Date:   Thu Oct 21 18:20:17 2021 +0100

    update tweets-retweets

commit 689d984cf23bc5c0cc6103304b91199a4e972b82
Author: Marty
Date:   Wed Oct 20 15:31:33 2021 +0100

    added PMI to dashboard

commit 43ca02433cdd80e203b5d665a104036c7e7051a7
Author: Marty
Date:   Wed Oct 20 12:33:45 2021 +0100

    make prepare-dashboard-ngram-data

commit 2cd8a99d894ef4904e4976f15d881e23e2ba3cb4
Author: Marty
Date:   Tue Oct 19 18:30:30 2021 +0100

    add build targets for ngram dashboard data

commit c733db0dde7c39d819cf36ed56a05fc8d7a9278f
Author: Marty
Date:   Tue Oct 19 17:35:34 2021 +0100

    test processing

commit 16462132f7cdad5f40971f74af94cdc4c85de1f5
Author: Marty
Date:   Mon Oct 18 20:19:51 2021 +0100

    devel

commit e5078a9807e85c17c24d3bd5d10c20b364dd34f6
Author: Marty
Date:   Mon Oct 18 16:14:43 2021 +0100

    dashboard data tracked with DVC. [manually put it here as needed, so you can rsync this directory to publish]

commit 1e729203f18fb8e465bb2cdf32dd12492b1f3f70
Author: Marty
Date:   Mon Oct 18 16:07:31 2021 +0100

    dashboard data tracked with DVC. [manually put it here as needed, so you can rsync this directory to publish]

commit 728f14ea965c23584b6784c0caf119e7f8657906
Author: Marty
Date:   Mon Oct 18 15:39:16 2021 +0100

    update ngrok

commit a2aa06fa0052b5274e5dadfe7d1dcaa7b6a128df
Author: Marty
Date:   Mon Oct 18 13:48:08 2021 +0100

    add models to DVC

commit 3cdef5fad97c9cdd86ee47552475ac54cb296a91
Author: Marty
Date:   Mon Oct 18 13:47:28 2021 +0100

    stop tracking models/cures-classifier

commit 0f7bc8bc702c61e3b6537ff857e8c38d41160fac
Author: Marty
Date:   Mon Oct 18 13:46:56 2021 +0100

    stop tracking models/conspiracy-classifier

commit 0ed1fee41d1a9e4e6c80c59aea901b56a8a59e78
Author: Marty
Date:   Mon Oct 18 13:46:21 2021 +0100

    stop tracking models/tweetscruff-classifier

commit fab35f6ef63c1c4f8176f0d3997f5a71c2cf0559
Author: Marty
Date:   Mon Oct 18 13:44:52 2021 +0100

    refactored models to put patterns in taxonomies, and new spacy classifier models in the model dir

commit 732807d2aaad96c6e9eff84309e958453305e613
Author: Marty
Date:   Sun Oct 17 17:32:58 2021 +0100

    update dashboard

commit f8f38de88aadebd9f58c6b7eb80701c9728ea557
Author: Marty
Date:   Sun Oct 17 16:38:05 2021 +0100

    moved tweet daily from corpus alpha/beta Makefiles to rona-rumours

commit c54984dd1f0efb551ecfe567fb1291795cb2eee4
Author: Marty
Date:   Sun Oct 17 16:10:09 2021 +0100

    refactor tweet resampling notebook

commit bb3d962a46e05353b13b90c9c3c45a0dd617e861
Author: Marty
Date:   Sun Oct 17 13:08:44 2021 +0100

    testing

commit bb18d21da8dbdc05e317ccba972072f8f62e3ea7
Author: Marty
Date:   Thu Oct 14 18:25:23 2021 +0100

    added conspiracy classifier and docbin targets

commit 5814c4955279b1cd47ffc640964bb4b6d806aa06
Author: Marty
Date:   Thu Oct 14 16:50:12 2021 +0100

    update model training make targets

commit 24fcc95b05422548814ee737725f7c0defc26031
Author: Marty (SAS)
Date:   Wed Oct 13 14:01:44 2021 +0100

    .

commit 264d50b87002eeb67de32b9ab764722b89739e27
Merge: c5e9809 7793bf6
Author: Marty
Date:   Wed Oct 13 11:57:05 2021 +0100

    Merge remote-tracking branch 'origin/master'

commit 7793bf644b6a1eecdc2018775f44cc9f4e5a24b9
Author: Marty (SAS)
Date:   Tue Oct 12 17:08:29 2021 +0100

    add annotation data and task info

commit c5e9809c8ceedd7fc3ce97af2cdbd15a919dd8b7
Merge: ab0f427 4954659
Author: Marty
Date:   Mon Oct 11 15:47:38 2021 +0100

    Merge remote-tracking branch 'origin/master'

commit 4954659bdafcd094a25cc7b8ca648568e4b456d6
Author: Marty (SAS)
Date:   Mon Oct 11 15:46:36 2021 +0100

    tweaked topic modelling rules and dependencies

commit ab0f4277af53ff65744cbece050ec17d28dda12c
Merge: 05af666 02c5365
Author: Marty
Date:   Mon Oct 11 14:59:31 2021 +0100

    Merge remote-tracking branch 'origin/master'

commit 02c536592153771c4a69a4d962fdd0c54fe388d4
Author: Marty (SAS)
Date:   Mon Oct 11 13:58:44 2021 +0100

    testing topic modelling entire corpus

commit bfb053f16a4c23f8cd45876d6de5f52596cdbdc5
Author: Marty (SAS)
Date:   Mon Oct 11 13:11:01 2021 +0100

    update models makefile

commit ddd2e1348ac6046548ddd7b51346b954300066c0
Author: Marty (SAS)
Date:   Mon Oct 11 11:58:35 2021 +0100

    change to narrow terms list for CURES
    
    
    change to narrow terms list for CURES

commit 4e74fb4221c149d8986a71b33b7eb08911cbf249
Author: Marty (SAS)
Date:   Mon Oct 11 11:13:41 2021 +0100

    adjusted cures words and added first draft taxonomy YAML
    
    
    adjusted cures words and added first draft taxonomy YAML

commit 079f530847e4e34db48ae3810ddc172bbe2798c1
Author: Marty (SAS)
Date:   Mon Oct 11 10:43:12 2021 +0100

    .

commit 05af666d5430aa348b7452de5a345749146569e5
Author: Marty
Date:   Sun Oct 10 16:10:34 2021 +0100

    reprocessed - check this

commit b7048e67a306debc64a100e60b4da38021d30cb7
Author: Marty (SAS)
Date:   Fri Oct 8 16:50:17 2021 +0100

    add cures annotation task metadata

commit 805ae3e01c9d0d75840def22bfe91aac5e929216
Author: Marty (SAS)
Date:   Fri Oct 8 16:49:23 2021 +0100

    ngram dashboard prototype

commit 60f029651a1e645644f81c839f310e205b8ff272
Author: Marty (SAS)
Date:   Wed Oct 6 15:26:14 2021 +0100

    .

commit 752ba7529c8c7a26143ea4ec9ac19d12afc3b93b
Author: Marty (SAS)
Date:   Wed Oct 6 14:16:15 2021 +0100

    ngrams dashboard

commit 357f9909b8f285ee198cc21b55f0958fa7ae774a
Author: Marty (SAS)
Date:   Wed Oct 6 11:46:31 2021 +0100

    updated pattern files syntax

commit 30450982ed79ec1a203b2b55319b276a90281d73
Author: Marty (SAS)
Date:   Tue Oct 5 09:59:28 2021 +0100

    update prodigy patterns format

commit 82e3c261028aade589769f7e3ed12d86f2157edb
Author: Marty (SAS)
Date:   Mon Oct 4 18:24:14 2021 +0100

    setting up annotation task 1

commit 2875ca054691e9c5d03d34aad158ca9915715c6b
Author: Marty
Date:   Sun Oct 3 21:23:35 2021 +0100

    .

commit cd89cd99b4373a181f6efff4d7f8cb48ab956b32
Author: Marty
Date:   Sat Oct 2 17:32:14 2021 +0100

    .

commit 982705f393008d361549a5933fab4e3a9396687d
Author: Marty
Date:   Fri Oct 1 21:08:13 2021 +0100

    updated ngrams to include corpus beta

commit 199052f122538484e88437fd3d93e0a442ab497a
Author: Marty (SAS)
Date:   Fri Oct 1 19:13:36 2021 +0100

    .

commit 3fd89c1e6e252f5da2795a495035afd7f5fdac71
Author: Marty (SAS)
Date:   Wed Sep 29 17:54:13 2021 +0100

    dashboards

commit e84f4d6752e26d884d0d961f64a4127cf183add2
Author: Marty (SAS)
Date:   Wed Sep 29 12:35:52 2021 +0100

    moved targets to corpus alpha and beta makefiles

commit ec3b1e21db2980c3a2d0c048062028f57ad6beea
Author: Marty (SAS)
Date:   Tue Sep 28 12:34:41 2021 +0100

    updated dashboards

commit 02b00ad332dad2917186f2e13d839897361403d0
Author: Marty (SAS)
Date:   Mon Sep 27 20:26:16 2021 +0100

    dashboard!

commit 6991dc3691c6a8f74b61c40894897dcc7736ebc4
Author: Marty (SAS)
Date:   Fri Sep 24 16:45:48 2021 +0100

    dvc update data/alpha/build.dvc

commit ddd3ce03b6853e8f4c765d757d5340ac3c092517
Author: Marty (SAS)
Date:   Fri Sep 24 16:34:41 2021 +0100

    dvc import --desc 'Corpus beta build directory' --out beta/ git@ssh.dev.azure.com:v3/sas-cai/rona-rumours/rona-rumours-corpus-beta build

commit ed7dcd30c31a2e42c4a7b325cfc0a9f8baa272d0
Author: Marty (SAS)
Date:   Thu Sep 23 11:45:53 2021 +0100

    stuck!

commit 6ed282d4cb7ebcf2fe1d382c151f96deafa858bb
Author: Marty (SAS)
Date:   Wed Sep 22 17:14:34 2021 +0100

    .

commit df03139062e09365858ccadcd64b0fe6ed2ba1db
Author: Marty (SAS)
Date:   Tue Sep 21 17:11:19 2021 +0100

    work on shifterator dashboard

commit f031f10b5cb48ca30176f644d140797cacb663a6
Author: Marty (SAS)
Date:   Fri Sep 17 15:52:29 2021 +0100

    fix some bugs in wall HTML text transforms

commit c71b2473b9f8241bcf52785cd6a3a333bef69623
Author: Marty (SAS)
Date:   Fri Sep 17 13:07:58 2021 +0100

    tweaks

commit a4b643c9ae2f14de7a961723e2d138cd6adc415b
Author: Marty (SAS)
Date:   Thu Sep 16 14:22:52 2021 +0100

    added classifiers data refining pipelines to Makefile

commit 6dc13d1f3c74d8449dd3cd103b34d17ee1f5907b
Author: Marty (SAS)
Date:   Tue Sep 14 18:55:43 2021 +0100

    .

commit 02b76a335c3e8a8d81c631a1cf77e102fcb95501
Author: Marty (SAS)
Date:   Tue Sep 14 14:24:35 2021 +0100

    changed to taxonomies, normalised exclude pattern filenames, added other categories (not currently working on these)

commit f2197a88c56ba34e8c21e186007ff74a13b103f0
Author: Marty (SAS)
Date:   Mon Sep 13 17:19:15 2021 +0100

    added more categoriy dictionaries

commit 65c9b4fc43b8fee29f620711e1a19d674a0709e5
Author: Marty (SAS)
Date:   Mon Sep 13 16:37:55 2021 +0100

    change gitignores

commit a41ae38311a87bccc0aa7dcb2cee392d117dd70f
Author: Marty (SAS)
Date:   Mon Sep 13 16:34:14 2021 +0100

    add some scruff metrics

commit db5283f57cdf56527f72aef58938e535ca83ee59
Author: Marty (SAS)
Date:   Mon Sep 13 16:03:34 2021 +0100

    Begun to refine vocabulary and rebuild scruff classifier for Prodigy 1.11.4

commit fb5fd90284333633f99be6551da94839668a20e6
Author: Marty (SAS)
Date:   Fri Sep 10 14:33:59 2021 +0100

    fixed tweets and users freq dashboard

commit 55169622ec36ea9e4f84d0e15c0344941456cff6
Author: Marty (SAS)
Date:   Thu Sep 9 19:02:00 2021 +0100

    add metrics generation

commit 6564036a9fccebafc4aa06f80707ed29bc4dcf7e
Author: Marty (SAS)
Date:   Wed Sep 8 14:08:58 2021 +0100

    almost fixed frequency dashboard

commit 43b944e3d534b11ed14ac9867ad90e3dc81df488
Author: Marty (SAS)
Date:   Tue Sep 7 11:52:44 2021 +0100

    rearrange and tidy up

commit bb7ca06366fbd60bb904c9a83ce14fa084219bdf
Author: Marty (SAS)
Date:   Fri Aug 13 18:35:35 2021 +0100

    add script dumps

commit 8a365eb9b56e82164ba2a26d8c5442cffc77aa51
Author: Marty (SAS)
Date:   Fri Aug 13 17:53:43 2021 +0100

    updated build ngrams

commit 8faa2e01417191a4ea11c0eff9a6d5fe78eb0724
Author: Marty (SAS)
Date:   Fri Aug 13 15:32:27 2021 +0100

    add noscruff filter (ignored from version and data version control)

commit 93acecfc8498edbd31911938d28ad1a1426ae9e9
Author: Marty (SAS)
Date:   Fri Aug 13 15:24:50 2021 +0100

    update build data

commit 6665cc959d3296ea41d37e9e12880812541f20a9
Author: Marty (SAS)
Date:   Fri Aug 13 15:11:14 2021 +0100

    added new seed terms patterns

commit 568ea144a4e9c58b7a2393082732a5a756a694ff
Author: Marty (SAS)
Date:   Fri Aug 13 15:06:22 2021 +0100

    added new search terms patterns

commit 07dc22a0b954abbce7d94317f25fb2100b0a783a
Author: Marty (SAS)
Date:   Fri Aug 13 13:24:52 2021 +0100

    updating methods as I manually process

commit d2657900b4e28d8d4518cc1245cac6fcc89c2784
Author: Marty (SAS)
Date:   Fri Aug 13 13:07:37 2021 +0100

    update classifier word lists

commit 420a8f0e42fe92948e0318ada77ff1a1233c7842
Author: Marty (SAS)
Date:   Fri Aug 13 11:44:05 2021 +0100

    added monthly ngram frequencies

commit 1161ce2e6799aabc1022c2d3dcaada6ec17b123c
Author: Marty (SAS)
Date:   Thu Aug 12 17:54:37 2021 +0100

    dvc update ./data/alpha/build.dvc && make ngrams

commit 43f6feeee7011f53cbbb361f540b1cd417e09e0a
Author: Marty (SAS)
Date:   Thu Aug 12 15:55:47 2021 +0100

    added model word lists

commit 1004221224a95b6214818290d0906025cdcd8520
Author: Marty (SAS)
Date:   Thu Aug 12 15:55:28 2021 +0100

    updated scripts

commit 52f081a22cb4a4af256c224c005899c6ad6bda7d
Author: Marty (SAS)
Date:   Mon Aug 9 18:14:08 2021 +0100

    update info files

commit dfc3d01c215a973c05c2325af008b955ffed3486
Author: Marty (SAS)
Date:   Mon Aug 9 15:59:50 2021 +0100

    updated annotation instructions for Task 1

commit c0d9f720a7a1314fd392990b86d34aa68f2ff2c8
Author: Marty (SAS)
Date:   Mon Aug 9 14:21:42 2021 +0100

    stop tracking models/conspiracy-classifier/walls

commit 6b3536a243dd9423d22971446e7a9eb6363f9297
Author: Marty (SAS)
Date:   Mon Aug 9 14:21:20 2021 +0100

    stop tracking models/cures-classifier/walls

commit 66109fe32aea82461812321f8048f3b3a9d407dc
Author: Marty (SAS)
Date:   Mon Aug 9 14:14:51 2021 +0100

    dvc update ./data/alpha/build.dvc

commit 08ca26f238b74c6661936926dd573ecd694870c2
Author: Marty (SAS)
Date:   Thu Aug 5 18:01:39 2021 +0100

    added grabbag search patterns

commit a277106397eee3db88044f731d8ac2fc33847d7e
Author: Marty (SAS)
Date:   Thu Aug 5 16:50:39 2021 +0100

    ignore walls

commit d934e1719a48d94599c3bceb7951e86f3641ba83
Merge: ddac4cd b9dc8aa
Author: Marty (SAS)
Date:   Thu Aug 5 16:50:27 2021 +0100

    Merge branch 'walls'

commit b9dc8aacdc62120eebc8fe71af079d0f5dce6691
Merge: 4c62b17 ddac4cd
Author: Marty (SAS)
Date:   Thu Aug 5 16:50:13 2021 +0100

    Merge branch 'master' into walls

commit ddac4cd2bf1da7841c334f88fe54634396a8e208
Author: Marty (SAS)
Date:   Thu Aug 5 16:49:08 2021 +0100

    add excludes to matcher script

commit 49733b08aeb2c1e9613d8a799fbb8f20beb016bf
Author: Marty (SAS)
Date:   Thu Aug 5 14:32:26 2021 +0100

    dvc config core.analytics false

commit 4c62b176ac30c2dc8a0a27b40ff2703c03b482a4
Author: Marty (SAS)
Date:   Thu Aug 5 14:22:15 2021 +0100

    walls

commit e3bed96e99e6b1edc0897e3678998c30e837428a
Author: Marty (SAS)
Date:   Thu Aug 5 14:13:55 2021 +0100

    don't match 5g (there's too much of it)

commit af04fbf0c1c1fba8be713fdeacd9c54694970a12
Author: Marty (SAS)
Date:   Thu Aug 5 13:37:26 2021 +0100

    add vaccines category terms and patterns

commit 6c8167a12d300c143800cf8db525cedd4654fb49
Author: Marty (SAS)
Date:   Thu Aug 5 13:32:45 2021 +0100

    .

commit 54604c89205f05e89d5fa456af10c67922de136b
Author: Marty (SAS)
Date:   Thu Aug 5 13:30:21 2021 +0100

    prodigy db-out seed_vax | sort | uniq > models/vaccines-classifier/vaccines-prodigy.jsonl
    
    prodigy terms.to-patterns seed_vax --label VACCINES | sort | uniq > models/vaccines-classifier/vaccines-patterns.jsonl

commit 1bf46d378529b4abbbba4c34209a45ff4a534242
Author: Marty (SAS)
Date:   Thu Aug 5 13:28:17 2021 +0100

    prodigy terms.to-patterns seed_cat3 --label CURES | sort | uniq > models/cures-classifier/cures-patterns.jsonl

commit 8638b8949817c84b82dde851355a40d8ade1aea0
Author: Marty (SAS)
Date:   Thu Aug 5 13:24:28 2021 +0100

    refine cures seed list, prodigy db-out seed_cat3 | sort | uniq > models/cures-classifier/cures-prodigy.jsonl

commit d6590ada550566ca56ddc82b4bbab43e3d432008
Author: Marty (SAS)
Date:   Thu Aug 5 13:10:27 2021 +0100

    prodigy terms.to-patterns seed_conspiracy --label CONSPIRACY | sort | uniq > models/conspiracy-classifier/conspiracy-patterns.jsonl

commit db672ded43bb5d8c666b2fb573ae99b53440f39c
Author: Marty (SAS)
Date:   Thu Aug 5 13:10:12 2021 +0100

    prodigy db-out seed_conspiracy | sort | uniq > models/conspiracy-classifier/conspiracy-prodigy.jsonl

commit 475dcb1e53263fec27e27a39e3cf7b9cb8a4d2f4
Author: Marty (SAS)
Date:   Mon Aug 2 14:22:03 2021 +0100

    add cures seed words

commit 4bcf75b9b729b57d7ee4664ab2382f49dc43e257
Author: Marty
Date:   Sun Aug 1 14:13:52 2021 +0100

    dvc update ./data/alpha/build.dvc

commit fc02d683b7f7e2ae784951f7a1336730d1d125d4
Merge: 153cf69 09ff109
Author: Marty
Date:   Sun Aug 1 14:01:02 2021 +0100

    Merge remote-tracking branch 'origin/master'

commit 153cf69f152a1fe17fcf7bf90f6828f35ecb8795
Author: Marty
Date:   Sun Aug 1 13:07:57 2021 +0100

    add gpupdmm topic models to version control

commit 09ff109726290a287d506f9dc73995c14cc9d4e4
Author: Marty (SAS)
Date:   Thu Jul 29 15:22:07 2021 +0100

    add bi and trigrams

commit ae643971c863c032deb837404afe87b77aad7c24
Author: Marty (SAS)
Date:   Thu Jul 29 14:52:51 2021 +0100

    add ngrams target to makefile, shifterator sample notebook and unigrams

commit f507db22519947789145b731091ba098998dcbcb
Author: Marty (SAS)
Date:   Thu Jul 29 11:45:45 2021 +0100

    add ngrams

commit 9770b0f0e3339ed493415d724bec73c34492d984
Author: Marty (SAS)
Date:   Wed Jul 28 18:12:48 2021 +0100

    update scripts

commit cfd46f0b03ea467545c9164d9aeaa946dcfa8250
Author: Marty (SAS)
Date:   Wed Jul 28 17:18:31 2021 +0100

    add matching scripts

commit ddf554f39bf34ca1209f9f9d2df632ff4606f8e7
Merge: f10e6a3 45fef68
Author: Marty (SAS)
Date:   Wed Jul 28 11:32:38 2021 +0100

    Merge remote-tracking branch 'origin/master'

commit 45fef68b560ddb03ee91dc14d57cdbdb82af2f64
Author: Marty
Date:   Wed Jul 28 11:31:16 2021 +0100

    add gpupdmm-topic-topWords target

commit f10e6a35d1232209176e0e171cca9cf7dec4d791
Merge: f2192a0 6bb38ca
Author: Marty (SAS)
Date:   Wed Jul 28 11:21:21 2021 +0100

    Merge remote-tracking branch 'origin/master'

commit 6bb38caca78c23bbe0e0f9eacc20602afbffd846
Author: Marty
Date:   Wed Jul 28 11:20:27 2021 +0100

    add unigrams

commit 79cea2ae7a3d617274d1ad678ea9968f41a359fb
Author: Marty
Date:   Wed Jul 28 11:09:18 2021 +0100

    processed LFDMM topics

commit d038ac09347d56de78e8c2d755331d86d21ef15e
Author: Marty
Date:   Wed Jul 28 09:42:16 2021 +0100

    add LF-DMM topic models

commit f2192a09387e32d0e882f9986395c49162df1046
Author: Marty (SAS)
Date:   Tue Jul 27 13:31:01 2021 +0100

    add conspiracy prodigy terms and patterns

commit 31505b3f13537f1f4615076640cc15a5de8fdaf5
Author: Marty (SAS)
Date:   Tue Jul 27 13:23:54 2021 +0100

    tweak

commit 72761171c48122659fe58465a89a8c39aeaf60a5
Author: Marty (SAS)
Date:   Tue Jul 27 13:22:08 2021 +0100

    add initial seed words

commit 218df7058cfae1cb6575e7427c35e6e2980c6057
Author: Marty
Date:   Mon Jul 26 16:10:06 2021 +0100

    updated LFDMM topic modelling

commit 24a90685a32af506f1429b353e0be8e16e610f9e
Author: Marty (SAS)
Date:   Mon Jul 26 13:58:37 2021 +0100

    add texts-preprocessed

commit 07ccf3217418f61c1cbe52627fbde07424d35027
Author: Marty (SAS)
Date:   Thu Jul 22 16:45:52 2021 +0100

    change text preprocessing and topic modelling

commit 245287b7bcfffc5fb72cc5b1b0b28c120da9eec8
Author: Marty (SAS)
Date:   Thu Jul 22 11:00:44 2021 +0100

    tidy up

commit bf3b0cbd955b8ba816264fa6711415f2bde3c596
Author: Marty (SAS)
Date:   Wed Jul 21 16:55:52 2021 +0100

    dvc update --rev master ./data/alpha/build.dvc

commit 18ec28853a6ab52d975691f331b99de93e8c9c3c
Author: Marty (SAS)
Date:   Wed Jul 21 16:51:27 2021 +0100

    stop tracking data/alpha/build

commit 678ab7b7f13b2a1e6af99003e7be9f0760ee3e77
Author: Marty (SAS)
Date:   Wed Jul 21 14:19:08 2021 +0100

    trying to dvc update --rev master ./data/alpha/build.dvc

commit 61fc3a19bb560fc2100e886570c43e80f9c9e16e
Author: Marty (SAS)
Date:   Wed Jul 21 14:03:39 2021 +0100

    remove from ignore

commit af064df932d5dd5f64c81e676391f1a03b559aab
Author: Marty (on amplituhedron)
Date:   Mon Jul 12 14:55:41 2021 +0100

    old phase notebooks

commit 44a4bfe957f7537aaa302d1991f427233240be21
Author: Marty (on amplituhedron)
Date:   Tue Jul 6 17:03:39 2021 +0100

    added azure remotes

commit 49b848da929d0b0235fe9227be929960d9ec6bf1
Author: Marty (on amplituhedron)
Date:   Tue Jul 6 11:15:18 2021 +0100

    Import Ambiguity vocabs

commit 81257eed170119cdf0ca4e4fe007047a7fb54825
Author: Marty (on amplituhedron)
Date:   Tue Jul 6 10:19:32 2021 +0100

    Import Corpus alpha build directory

commit 3a10424a5d9199c9277eb029952fcd7adbe0efdc
Author: Marty (on amplituhedron)
Date:   Tue Jul 6 09:41:58 2021 +0100

    addnotations setup

commit 7a741a868a816e67d3b697f31c955ac1326c0a00
Author: Marty (on amplituhedron)
Date:   Mon Jun 28 17:13:35 2021 +0100

    ops commands for prodigy (not yet working)

commit 8fb9ac8cd3fde7c58d3b595823e20906dc13acc2
Merge: d5c947b b57dd26
Author: Marty (on amplituhedron)
Date:   Mon Jun 28 17:11:23 2021 +0100

    Merge remote-tracking branch 'origin/master'

commit d5c947b796db54584515b2d7929f338deaaba1e5
Author: Marty (on amplituhedron)
Date:   Mon Jun 28 17:11:10 2021 +0100

    added annotation task example

commit 4da314d97bdc85f1a9880c828ef79206b44044ea
Author: Marty (on amplituhedron)
Date:   Mon Jun 28 17:07:23 2021 +0100

    regex find booster words

commit 2b1ea91151f559e0f7006bf8087ceaaed454b10e
Author: Marty (on amplituhedron)
Date:   Mon Jun 28 17:04:56 2021 +0100

    dvc remote add marjory

commit b9b6ede3f481ae15f46307dad7fcd6326884ec58
Author: Marty (on amplituhedron)
Date:   Mon Jun 28 17:02:04 2021 +0100

    add 2020 attempt of phase data

commit e96e14be5e33173f14dab700da7d4e70c768ff45
Author: Marty (on amplituhedron)
Date:   Mon Jun 28 17:00:15 2021 +0100

    dvc init

commit b57dd2620a151803fb662f5b595168e9fca1a98c
Author: Marty
Date:   Mon Jun 7 13:52:02 2021 +0100

    update makefile

commit b36cb49153b65e4420a4aaa8fa3694638d515ca1
Author: Marty
Date:   Fri Mar 26 17:57:29 2021 +0000

    added DMM and LFDMM topic model targets (plus some notes)

commit f51aa91e4e6a1cd545c38abd1f5627f95bb24bcf
Author: Marty
Date:   Fri Mar 26 12:21:50 2021 +0000

    tally DMM topwords

commit 9950a7bdd4d3e861a5e756d88ce6fb3bab28f188
Author: Marty
Date:   Thu Mar 25 12:26:17 2021 +0000

    Parallel topic modelling Makefile, with dependencies! :-)

commit f9b5f2f4d4a319794008ede2fd7025ce83fdbb60
Author: Marty
Date:   Wed Mar 24 21:50:39 2021 +0000

    make clean

commit 6b8bdae6cc66a7b7c7fe1d9896018568721a2ad8
Author: Marty
Date:   Wed Mar 24 21:48:45 2021 +0000

    topic modelling text preprocessing

commit 0cbd4850f735e0677a9d75c761ea7073cfff2461
Author: Marty
Date:   Tue Mar 23 20:49:24 2021 +0000

    .

commit c0decd8aa21264fd7a527603c69a3b420e492f32
Author: Marty
Date:   Tue Mar 23 19:20:59 2021 +0000

    topic modelling - text cleaning

commit 12b8e66db4ed6d113109431c196ae5d7b3d4dac4
Author: Marty
Date:   Tue Mar 23 11:50:02 2021 +0000

    .

commit 18fd800d51105c836f8cac277b85e92bd97b8bd7
Merge: 80751e4 a00e1bc
Author: Marty
Date:   Tue Mar 23 11:06:32 2021 +0000

    Merge remote-tracking branch 'origin/template'

commit 80751e414b267fe53408e787c99781f496f87e87
Author: Marty
Date:   Tue Mar 23 11:06:18 2021 +0000

    tweak makefile requirements

commit a00e1bc9177a85a6673196899803eec0c8f5696a
Author: Marty (on amplituhedron)
Date:   Tue Mar 23 10:54:25 2021 +0000

    template notebooks

commit f0fe94dde832f7b7c90ef0c5fe19cb2a145d804e
Author: Marty
Date:   Mon Mar 22 20:56:35 2021 +0000

    remove macos metafiles

commit cf5c2b0fe57c1cd5ecbb9e09f09aef29dc5567fd
Author: Marty (on amplituhedron)
Date:   Thu Dec 24 12:18:02 2020 +0000

    linked rona-rumours with corpus-ᾱ

commit d7489272b19bdff07be37372f7b1e5abe8b147df
Author: Marty (on amplituhedron)
Date:   Fri Nov 13 09:23:59 2020 +0000

    Renamed first corpus

commit 8ce8bba69471e9accbcdd73cb8f221d5cfbf7bd5
Author: Marty (on amplituhedron)
Date:   Thu Nov 12 18:06:57 2020 +0000

    updated makefile and corrected source data so make_data_chunks works! Hoorah!

commit 6cb0dc339195a34339fe9da0b4f3ab8ce66f3f8d
Author: Marty (on amplituhedron)
Date:   Fri Oct 30 12:33:02 2020 +0000

    small updates to makefile

commit 8fef6980b7faa057b953aa4c31c3b8abc5c93eac
Author: Marty (on amplituhedron)
Date:   Fri Oct 30 12:31:35 2020 +0000

    october update

commit c2191586cbf9d7e5b96f92f0340f979c2e9da3c2
Author: Marty (on amplituhedron)
Date:   Sun Aug 23 17:23:20 2020 +0100

    .

commit 54d77b9a83b16ff032f019949f11dd6035708334
Author: Marty (on amplituhedron)
Date:   Mon Aug 3 15:19:23 2020 +0100

    copy notebooks from first phase of collection data management efforts

commit 2a494be3955c4a3a0b7d14330475f188e2894d06
Author: Marty (on amplituhedron)
Date:   Mon Aug 3 11:53:09 2020 +0100

    Remove twarc submodule

commit 36d38bdaf11a1a563bccd999f784136d61f31434
Author: Marty (on amplituhedron)
Date:   Sat Aug 1 14:07:04 2020 +0100

    Improved makefile performance

commit a33f7141bd45fa102faca69124fc7f22c2784e70
Author: Marty (on amplituhedron)
Date:   Tue Jul 28 15:53:33 2020 +0100

    initial commit

commit 853d99db1a179c9d6be0ce07cfbb63191e810dcf
Author: Marty (on amplituhedron)
Date:   Tue Jul 28 15:53:16 2020 +0100

    Initial commit
